{"/home/travis/build/npmtest/node-npmtest-wait-on/test.js":{"path":"/home/travis/build/npmtest/node-npmtest-wait-on/test.js","s":{"1":2,"2":2,"3":2,"4":2,"5":2,"6":2,"7":2,"8":1,"9":2,"10":2,"11":1,"12":1,"13":1,"14":1,"15":2,"16":2,"17":2,"18":2,"19":1,"20":1,"21":2,"22":2,"23":2,"24":1,"25":1,"26":1,"27":1,"28":1,"29":1,"30":1,"31":1,"32":1,"33":1,"34":1,"35":1,"36":1,"37":1,"38":1,"39":2,"40":2,"41":1,"42":2,"43":2,"44":1,"45":2,"46":2,"47":1,"48":2,"49":2,"50":1,"51":1,"52":1,"53":1,"54":1},"b":{"1":[2,1,1,1],"2":[1,1,1,1],"3":[1,1],"4":[1,1],"5":[1,1],"6":[1,1],"7":[1,1],"8":[1,1],"9":[1,1],"10":[1,1,1],"11":[1,1],"12":[1,1],"13":[1,1],"14":[1,1],"15":[1,1],"16":[1,1],"17":[1,1]},"f":{"1":2,"2":2,"3":2,"4":2,"5":2,"6":1,"7":1,"8":1,"9":2,"10":2,"11":2,"12":2,"13":1},"fnMap":{"1":{"name":"(anonymous_1)","line":12,"loc":{"start":{"line":12,"column":1},"end":{"line":12,"column":13}}},"2":{"name":"(anonymous_2)","line":19,"loc":{"start":{"line":19,"column":5},"end":{"line":19,"column":17}}},"3":{"name":"(anonymous_3)","line":23,"loc":{"start":{"line":23,"column":24},"end":{"line":23,"column":36}}},"4":{"name":"(anonymous_4)","line":61,"loc":{"start":{"line":61,"column":5},"end":{"line":61,"column":17}}},"5":{"name":"(anonymous_5)","line":82,"loc":{"start":{"line":82,"column":5},"end":{"line":82,"column":17}}},"6":{"name":"(anonymous_6)","line":91,"loc":{"start":{"line":91,"column":77},"end":{"line":94,"column":10}}},"7":{"name":"(anonymous_7)","line":112,"loc":{"start":{"line":112,"column":83},"end":{"line":115,"column":10}},"skip":true},"8":{"name":"(anonymous_8)","line":123,"loc":{"start":{"line":123,"column":77},"end":{"line":126,"column":10}},"skip":true},"9":{"name":"(anonymous_9)","line":139,"loc":{"start":{"line":139,"column":12},"end":{"line":139,"column":40}},"skip":true},"10":{"name":"(anonymous_10)","line":147,"loc":{"start":{"line":147,"column":77},"end":{"line":150,"column":10}},"skip":true},"11":{"name":"(anonymous_11)","line":158,"loc":{"start":{"line":158,"column":83},"end":{"line":161,"column":10}},"skip":true},"12":{"name":"(anonymous_12)","line":169,"loc":{"start":{"line":169,"column":79},"end":{"line":172,"column":10}},"skip":true},"13":{"name":"(anonymous_13)","line":180,"loc":{"start":{"line":180,"column":75},"end":{"line":183,"column":10}},"skip":true}},"statementMap":{"1":{"start":{"line":12,"column":0},"end":{"line":195,"column":5}},"2":{"start":{"line":14,"column":4},"end":{"line":14,"column":14}},"3":{"start":{"line":19,"column":4},"end":{"line":56,"column":9}},"4":{"start":{"line":21,"column":8},"end":{"line":21,"column":19}},"5":{"start":{"line":23,"column":8},"end":{"line":35,"column":13}},"6":{"start":{"line":24,"column":12},"end":{"line":34,"column":13}},"7":{"start":{"line":25,"column":16},"end":{"line":28,"column":30}},"8":{"start":{"line":30,"column":16},"end":{"line":33,"column":27}},"9":{"start":{"line":37,"column":8},"end":{"line":39,"column":21}},"10":{"start":{"line":40,"column":8},"end":{"line":53,"column":9}},"11":{"start":{"line":43,"column":12},"end":{"line":46,"column":14}},"12":{"start":{"line":47,"column":12},"end":{"line":47,"column":18}},"13":{"start":{"line":50,"column":12},"end":{"line":51,"column":46}},"14":{"start":{"line":52,"column":12},"end":{"line":52,"column":18}},"15":{"start":{"line":55,"column":8},"end":{"line":55,"column":35}},"16":{"start":{"line":61,"column":4},"end":{"line":63,"column":9}},"17":{"start":{"line":62,"column":8},"end":{"line":62,"column":15}},"18":{"start":{"line":64,"column":4},"end":{"line":77,"column":5}},"19":{"start":{"line":70,"column":8},"end":{"line":70,"column":14}},"20":{"start":{"line":76,"column":8},"end":{"line":76,"column":14}},"21":{"start":{"line":82,"column":4},"end":{"line":84,"column":9}},"22":{"start":{"line":83,"column":8},"end":{"line":83,"column":15}},"23":{"start":{"line":85,"column":4},"end":{"line":194,"column":5}},"24":{"start":{"line":91,"column":8},"end":{"line":99,"column":10}},"25":{"start":{"line":98,"column":12},"end":{"line":98,"column":35}},"26":{"start":{"line":102,"column":8},"end":{"line":104,"column":63}},"27":{"start":{"line":105,"column":8},"end":{"line":105,"column":14}},"28":{"start":{"line":112,"column":8},"end":{"line":121,"column":10},"skip":true},"29":{"start":{"line":119,"column":12},"end":{"line":119,"column":55},"skip":true},"30":{"start":{"line":120,"column":12},"end":{"line":120,"column":48},"skip":true},"31":{"start":{"line":123,"column":8},"end":{"line":136,"column":10},"skip":true},"32":{"start":{"line":130,"column":12},"end":{"line":130,"column":76},"skip":true},"33":{"start":{"line":131,"column":12},"end":{"line":131,"column":73},"skip":true},"34":{"start":{"line":132,"column":12},"end":{"line":132,"column":74},"skip":true},"35":{"start":{"line":133,"column":12},"end":{"line":133,"column":79},"skip":true},"36":{"start":{"line":134,"column":12},"end":{"line":134,"column":25},"skip":true},"37":{"start":{"line":135,"column":12},"end":{"line":135,"column":45},"skip":true},"38":{"start":{"line":138,"column":8},"end":{"line":145,"column":14},"skip":true},"39":{"start":{"line":143,"column":16},"end":{"line":143,"column":29},"skip":true},"40":{"start":{"line":144,"column":16},"end":{"line":144,"column":55},"skip":true},"41":{"start":{"line":147,"column":8},"end":{"line":156,"column":10},"skip":true},"42":{"start":{"line":154,"column":12},"end":{"line":154,"column":25},"skip":true},"43":{"start":{"line":155,"column":12},"end":{"line":155,"column":45},"skip":true},"44":{"start":{"line":158,"column":8},"end":{"line":167,"column":10},"skip":true},"45":{"start":{"line":165,"column":12},"end":{"line":165,"column":25},"skip":true},"46":{"start":{"line":166,"column":12},"end":{"line":166,"column":48},"skip":true},"47":{"start":{"line":169,"column":8},"end":{"line":178,"column":10},"skip":true},"48":{"start":{"line":176,"column":12},"end":{"line":176,"column":25},"skip":true},"49":{"start":{"line":177,"column":12},"end":{"line":177,"column":46},"skip":true},"50":{"start":{"line":180,"column":8},"end":{"line":189,"column":10},"skip":true},"51":{"start":{"line":187,"column":12},"end":{"line":187,"column":94},"skip":true},"52":{"start":{"line":188,"column":12},"end":{"line":188,"column":48},"skip":true},"53":{"start":{"line":192,"column":8},"end":{"line":192,"column":35},"skip":true},"54":{"start":{"line":193,"column":8},"end":{"line":193,"column":14},"skip":true}},"branchMap":{"1":{"line":25,"type":"binary-expr","locations":[{"start":{"line":25,"column":23},"end":{"line":25,"column":62}},{"start":{"line":26,"column":20},"end":{"line":26,"column":70}},{"start":{"line":27,"column":20},"end":{"line":27,"column":71}},{"start":{"line":28,"column":20},"end":{"line":28,"column":29}}]},"2":{"line":30,"type":"binary-expr","locations":[{"start":{"line":30,"column":23},"end":{"line":30,"column":37}},{"start":{"line":31,"column":20},"end":{"line":31,"column":61}},{"start":{"line":32,"column":20},"end":{"line":32,"column":70}},{"start":{"line":33,"column":20},"end":{"line":33,"column":26}}]},"3":{"line":37,"type":"cond-expr","locations":[{"start":{"line":38,"column":14},"end":{"line":38,"column":20}},{"start":{"line":39,"column":14},"end":{"line":39,"column":20}}]},"4":{"line":40,"type":"switch","locations":[{"start":{"line":42,"column":8},"end":{"line":47,"column":18}},{"start":{"line":49,"column":8},"end":{"line":52,"column":18}}]},"5":{"line":44,"type":"binary-expr","locations":[{"start":{"line":44,"column":16},"end":{"line":44,"column":44}},{"start":{"line":44,"column":48},"end":{"line":44,"column":66}}]},"6":{"line":50,"type":"binary-expr","locations":[{"start":{"line":50,"column":21},"end":{"line":50,"column":49}},{"start":{"line":50,"column":53},"end":{"line":50,"column":72}}]},"7":{"line":64,"type":"switch","locations":[{"start":{"line":69,"column":4},"end":{"line":70,"column":14}},{"start":{"line":75,"column":4},"end":{"line":76,"column":14}}]},"8":{"line":85,"type":"switch","locations":[{"start":{"line":90,"column":4},"end":{"line":105,"column":14}},{"start":{"line":111,"column":4},"end":{"line":193,"column":14},"skip":true}]},"9":{"line":91,"type":"binary-expr","locations":[{"start":{"line":91,"column":42},"end":{"line":91,"column":73}},{"start":{"line":91,"column":77},"end":{"line":99,"column":9}}]},"10":{"line":102,"type":"binary-expr","locations":[{"start":{"line":102,"column":18},"end":{"line":102,"column":32}},{"start":{"line":103,"column":12},"end":{"line":103,"column":53}},{"start":{"line":104,"column":12},"end":{"line":104,"column":61}}]},"11":{"line":112,"type":"binary-expr","locations":[{"start":{"line":112,"column":45},"end":{"line":112,"column":79},"skip":true},{"start":{"line":112,"column":83},"end":{"line":121,"column":9},"skip":true}]},"12":{"line":123,"type":"binary-expr","locations":[{"start":{"line":123,"column":42},"end":{"line":123,"column":73},"skip":true},{"start":{"line":123,"column":77},"end":{"line":136,"column":9},"skip":true}]},"13":{"line":138,"type":"binary-expr","locations":[{"start":{"line":138,"column":48},"end":{"line":138,"column":85},"skip":true},{"start":{"line":139,"column":12},"end":{"line":145,"column":13},"skip":true}]},"14":{"line":147,"type":"binary-expr","locations":[{"start":{"line":147,"column":42},"end":{"line":147,"column":73},"skip":true},{"start":{"line":147,"column":77},"end":{"line":156,"column":9},"skip":true}]},"15":{"line":158,"type":"binary-expr","locations":[{"start":{"line":158,"column":45},"end":{"line":158,"column":79},"skip":true},{"start":{"line":158,"column":83},"end":{"line":167,"column":9},"skip":true}]},"16":{"line":169,"type":"binary-expr","locations":[{"start":{"line":169,"column":43},"end":{"line":169,"column":75},"skip":true},{"start":{"line":169,"column":79},"end":{"line":178,"column":9},"skip":true}]},"17":{"line":180,"type":"binary-expr","locations":[{"start":{"line":180,"column":41},"end":{"line":180,"column":71},"skip":true},{"start":{"line":180,"column":75},"end":{"line":189,"column":9},"skip":true}]}},"code":["/* istanbul instrument in package npmtest_wait_on */","/*jslint","    bitwise: true,","    browser: true,","    maxerr: 8,","    maxlen: 96,","    node: true,","    nomen: true,","    regexp: true,","    stupid: true","*/","(function () {","    'use strict';","    var local;","","","","    // run shared js-env code - pre-init","    (function () {","        // init local","        local = {};","        // init modeJs","        local.modeJs = (function () {","            try {","                return typeof navigator.userAgent === 'string' &&","                    typeof document.querySelector('body') === 'object' &&","                    typeof XMLHttpRequest.prototype.open === 'function' &&","                    'browser';","            } catch (errorCaughtBrowser) {","                return module.exports &&","                    typeof process.versions.node === 'string' &&","                    typeof require('http').createServer === 'function' &&","                    'node';","            }","        }());","        // init global","        local.global = local.modeJs === 'browser'","            ? window","            : global;","        switch (local.modeJs) {","        // re-init local from window.local","        case 'browser':","            local = local.global.utility2.objectSetDefault(","                local.global.utility2_rollup || local.global.local,","                local.global.utility2","            );","            break;","        // re-init local from example.js","        case 'node':","            local = (local.global.utility2_rollup || require('utility2'))","                .requireExampleJsFromReadme();","            break;","        }","        // export local","        local.global.local = local;","    }());","","","","    // run shared js-env code - function","    (function () {","        return;","    }());","    switch (local.modeJs) {","","","","    // run browser js-env code - function","    case 'browser':","        break;","","","","    // run node js-env code - function","    case 'node':","        break;","    }","","","","    // run shared js-env code - post-init","    (function () {","        return;","    }());","    switch (local.modeJs) {","","","","    // run browser js-env code - post-init","    case 'browser':","        local.testCase_browser_nullCase = local.testCase_browser_nullCase || function (","            options,","            onError","        ) {","        /*","         * this function will test browsers's null-case handling-behavior-behavior","         */","            onError(null, options);","        };","","        // run tests","        local.nop(local.modeTest &&","            document.querySelector('#testRunButton1') &&","            document.querySelector('#testRunButton1').click());","        break;","","","","    // run node js-env code - post-init","    /* istanbul ignore next */","    case 'node':","        local.testCase_buildApidoc_default = local.testCase_buildApidoc_default || function (","            options,","            onError","        ) {","        /*","         * this function will test buildApidoc's default handling-behavior-behavior","         */","            options = { modulePathList: module.paths };","            local.buildApidoc(options, onError);","        };","","        local.testCase_buildApp_default = local.testCase_buildApp_default || function (","            options,","            onError","        ) {","        /*","         * this function will test buildApp's default handling-behavior-behavior","         */","            local.testCase_buildReadme_default(options, local.onErrorThrow);","            local.testCase_buildLib_default(options, local.onErrorThrow);","            local.testCase_buildTest_default(options, local.onErrorThrow);","            local.testCase_buildCustomOrg_default(options, local.onErrorThrow);","            options = [];","            local.buildApp(options, onError);","        };","","        local.testCase_buildCustomOrg_default = local.testCase_buildCustomOrg_default ||","            function (options, onError) {","            /*","             * this function will test buildCustomOrg's default handling-behavior","             */","                options = {};","                local.buildCustomOrg(options, onError);","            };","","        local.testCase_buildLib_default = local.testCase_buildLib_default || function (","            options,","            onError","        ) {","        /*","         * this function will test buildLib's default handling-behavior","         */","            options = {};","            local.buildLib(options, onError);","        };","","        local.testCase_buildReadme_default = local.testCase_buildReadme_default || function (","            options,","            onError","        ) {","        /*","         * this function will test buildReadme's default handling-behavior-behavior","         */","            options = {};","            local.buildReadme(options, onError);","        };","","        local.testCase_buildTest_default = local.testCase_buildTest_default || function (","            options,","            onError","        ) {","        /*","         * this function will test buildTest's default handling-behavior","         */","            options = {};","            local.buildTest(options, onError);","        };","","        local.testCase_webpage_default = local.testCase_webpage_default || function (","            options,","            onError","        ) {","        /*","         * this function will test webpage's default handling-behavior","         */","            options = { modeCoverageMerge: true, url: local.serverLocalHost + '?modeTest=1' };","            local.browserTest(options, onError);","        };","","        // run test-server","        local.testRunServer(local);","        break;","    }","}());",""],"l":{"12":2,"14":2,"19":2,"21":2,"23":2,"24":2,"25":2,"30":1,"37":2,"40":2,"43":1,"47":1,"50":1,"52":1,"55":2,"61":2,"62":2,"64":2,"70":1,"76":1,"82":2,"83":2,"85":2,"91":1,"98":1,"102":1,"105":1,"112":1,"119":1,"120":1,"123":1,"130":1,"131":1,"132":1,"133":1,"134":1,"135":1,"138":1,"143":2,"144":2,"147":1,"154":2,"155":2,"158":1,"165":2,"166":2,"169":1,"176":2,"177":2,"180":1,"187":1,"188":1,"192":1,"193":1}},"/home/travis/build/npmtest/node-npmtest-wait-on/lib.npmtest_wait_on.js":{"path":"/home/travis/build/npmtest/node-npmtest-wait-on/lib.npmtest_wait_on.js","s":{"1":2,"2":2,"3":2,"4":2,"5":2,"6":2,"7":2,"8":1,"9":2,"10":2,"11":2,"12":2,"13":1,"14":1,"15":1,"16":1},"b":{"1":[2,1,1,1],"2":[1,1,1,1],"3":[1,1],"4":[2,2],"5":[1,1]},"f":{"1":2,"2":2,"3":2},"fnMap":{"1":{"name":"(anonymous_1)","line":12,"loc":{"start":{"line":12,"column":1},"end":{"line":12,"column":13}}},"2":{"name":"(anonymous_2)","line":19,"loc":{"start":{"line":19,"column":5},"end":{"line":19,"column":17}}},"3":{"name":"(anonymous_3)","line":23,"loc":{"start":{"line":23,"column":24},"end":{"line":23,"column":36}}}},"statementMap":{"1":{"start":{"line":12,"column":0},"end":{"line":53,"column":5}},"2":{"start":{"line":14,"column":4},"end":{"line":14,"column":14}},"3":{"start":{"line":19,"column":4},"end":{"line":52,"column":9}},"4":{"start":{"line":21,"column":8},"end":{"line":21,"column":19}},"5":{"start":{"line":23,"column":8},"end":{"line":35,"column":13}},"6":{"start":{"line":24,"column":12},"end":{"line":34,"column":13}},"7":{"start":{"line":25,"column":16},"end":{"line":28,"column":30}},"8":{"start":{"line":30,"column":16},"end":{"line":33,"column":27}},"9":{"start":{"line":37,"column":8},"end":{"line":39,"column":21}},"10":{"start":{"line":41,"column":8},"end":{"line":41,"column":54}},"11":{"start":{"line":43,"column":8},"end":{"line":43,"column":52}},"12":{"start":{"line":45,"column":8},"end":{"line":51,"column":9}},"13":{"start":{"line":46,"column":12},"end":{"line":46,"column":58}},"14":{"start":{"line":48,"column":12},"end":{"line":48,"column":35}},"15":{"start":{"line":49,"column":12},"end":{"line":49,"column":49}},"16":{"start":{"line":50,"column":12},"end":{"line":50,"column":43}}},"branchMap":{"1":{"line":25,"type":"binary-expr","locations":[{"start":{"line":25,"column":23},"end":{"line":25,"column":62}},{"start":{"line":26,"column":20},"end":{"line":26,"column":70}},{"start":{"line":27,"column":20},"end":{"line":27,"column":71}},{"start":{"line":28,"column":20},"end":{"line":28,"column":29}}]},"2":{"line":30,"type":"binary-expr","locations":[{"start":{"line":30,"column":23},"end":{"line":30,"column":37}},{"start":{"line":31,"column":20},"end":{"line":31,"column":61}},{"start":{"line":32,"column":20},"end":{"line":32,"column":70}},{"start":{"line":33,"column":20},"end":{"line":33,"column":26}}]},"3":{"line":37,"type":"cond-expr","locations":[{"start":{"line":38,"column":14},"end":{"line":38,"column":20}},{"start":{"line":39,"column":14},"end":{"line":39,"column":20}}]},"4":{"line":41,"type":"binary-expr","locations":[{"start":{"line":41,"column":16},"end":{"line":41,"column":44}},{"start":{"line":41,"column":48},"end":{"line":41,"column":53}}]},"5":{"line":45,"type":"if","locations":[{"start":{"line":45,"column":8},"end":{"line":45,"column":8}},{"start":{"line":45,"column":8},"end":{"line":45,"column":8}}]}},"code":["/* istanbul instrument in package npmtest_wait_on */","/*jslint","    bitwise: true,","    browser: true,","    maxerr: 8,","    maxlen: 96,","    node: true,","    nomen: true,","    regexp: true,","    stupid: true","*/","(function () {","    'use strict';","    var local;","","","","    // run shared js-env code - pre-init","    (function () {","        // init local","        local = {};","        // init modeJs","        local.modeJs = (function () {","            try {","                return typeof navigator.userAgent === 'string' &&","                    typeof document.querySelector('body') === 'object' &&","                    typeof XMLHttpRequest.prototype.open === 'function' &&","                    'browser';","            } catch (errorCaughtBrowser) {","                return module.exports &&","                    typeof process.versions.node === 'string' &&","                    typeof require('http').createServer === 'function' &&","                    'node';","            }","        }());","        // init global","        local.global = local.modeJs === 'browser'","            ? window","            : global;","        // init utility2_rollup","        local = local.global.utility2_rollup || local;","        // init lib","        local.local = local.npmtest_wait_on = local;","        // init exports","        if (local.modeJs === 'browser') {","            local.global.utility2_npmtest_wait_on = local;","        } else {","            module.exports = local;","            module.exports.__dirname = __dirname;","            module.exports.module = module;","        }","    }());","}());",""],"l":{"12":2,"14":2,"19":2,"21":2,"23":2,"24":2,"25":2,"30":1,"37":2,"41":2,"43":2,"45":2,"46":1,"48":1,"49":1,"50":1}},"/home/travis/build/npmtest/node-npmtest-wait-on/example.js":{"path":"/home/travis/build/npmtest/node-npmtest-wait-on/example.js","s":{"1":2,"2":2,"3":2,"4":2,"5":2,"6":2,"7":2,"8":1,"9":2,"10":2,"11":2,"12":2,"13":1,"14":2,"15":2,"16":2,"17":2,"18":2,"19":0,"20":2,"21":1,"22":1,"23":1,"24":1,"25":1,"26":0,"27":0,"28":1,"29":1,"30":2,"31":0,"32":0,"33":0,"34":1,"35":2,"36":2,"37":3,"38":3,"39":3,"40":3,"41":0,"42":3,"43":3,"44":3,"45":1,"46":3,"47":1,"48":1,"49":1,"50":1,"51":1,"52":1,"53":1,"54":1,"55":1,"56":1,"57":0,"58":1,"59":6,"60":6,"61":1,"62":2,"63":0,"64":2,"65":1,"66":1,"67":0,"68":0,"69":0,"70":0,"71":0,"72":0,"73":0,"74":0,"75":0,"76":0,"77":0,"78":0,"79":0,"80":0,"81":0,"82":0,"83":0},"b":{"1":[2,1,1,1],"2":[1,1,1,1],"3":[1,1],"4":[2,2],"5":[1,1],"6":[1,1],"7":[2,0],"8":[2,1,1,1,1,1],"9":[0,2,0],"10":[1,1],"11":[2,1,1],"12":[1,0],"13":[0,2],"14":[2,0,0,0,0,0,0],"15":[0,3],"16":[3,0],"17":[1,1],"18":[0,1],"19":[1,2,0,2],"20":[1,0],"21":[1,1],"22":[0,0],"23":[0,0],"24":[0,0],"25":[0,0],"26":[0,0],"27":[0,0],"28":[0,0]},"f":{"1":2,"2":2,"3":2,"4":2,"5":2,"6":2,"7":3,"8":3,"9":3,"10":1,"11":6,"12":0},"fnMap":{"1":{"name":"(anonymous_1)","line":26,"loc":{"start":{"line":26,"column":1},"end":{"line":26,"column":13}}},"2":{"name":"(anonymous_2)","line":33,"loc":{"start":{"line":33,"column":5},"end":{"line":33,"column":17}}},"3":{"name":"(anonymous_3)","line":37,"loc":{"start":{"line":37,"column":24},"end":{"line":37,"column":36}}},"4":{"name":"(anonymous_4)","line":69,"loc":{"start":{"line":69,"column":31},"end":{"line":69,"column":48}},"skip":true},"5":{"name":"(anonymous_5)","line":78,"loc":{"start":{"line":78,"column":26},"end":{"line":78,"column":45}},"skip":true},"6":{"name":"(anonymous_6)","line":123,"loc":{"start":{"line":123,"column":33},"end":{"line":123,"column":48}},"skip":true},"7":{"name":"(anonymous_7)","line":125,"loc":{"start":{"line":125,"column":27},"end":{"line":125,"column":39}},"skip":true},"8":{"name":"(anonymous_8)","line":133,"loc":{"start":{"line":133,"column":59},"end":{"line":133,"column":74}},"skip":true},"9":{"name":"(anonymous_9)","line":143,"loc":{"start":{"line":143,"column":45},"end":{"line":143,"column":62}},"skip":true},"10":{"name":"(anonymous_10)","line":144,"loc":{"start":{"line":144,"column":73},"end":{"line":144,"column":92}},"skip":true},"11":{"name":"(anonymous_11)","line":272,"loc":{"start":{"line":272,"column":51},"end":{"line":272,"column":77}},"skip":true},"12":{"name":"(anonymous_12)","line":315,"loc":{"start":{"line":315,"column":32},"end":{"line":315,"column":61}},"skip":true}},"statementMap":{"1":{"start":{"line":26,"column":0},"end":{"line":326,"column":5}},"2":{"start":{"line":28,"column":4},"end":{"line":28,"column":14}},"3":{"start":{"line":33,"column":4},"end":{"line":60,"column":9}},"4":{"start":{"line":35,"column":8},"end":{"line":35,"column":19}},"5":{"start":{"line":37,"column":8},"end":{"line":49,"column":13}},"6":{"start":{"line":38,"column":12},"end":{"line":48,"column":13}},"7":{"start":{"line":39,"column":16},"end":{"line":42,"column":30}},"8":{"start":{"line":44,"column":16},"end":{"line":47,"column":27}},"9":{"start":{"line":51,"column":8},"end":{"line":53,"column":21}},"10":{"start":{"line":55,"column":8},"end":{"line":57,"column":45}},"11":{"start":{"line":59,"column":8},"end":{"line":59,"column":35}},"12":{"start":{"line":61,"column":4},"end":{"line":325,"column":5}},"13":{"start":{"line":69,"column":8},"end":{"line":121,"column":10},"skip":true},"14":{"start":{"line":70,"column":12},"end":{"line":88,"column":13},"skip":true},"15":{"start":{"line":76,"column":16},"end":{"line":87,"column":19},"skip":true},"16":{"start":{"line":79,"column":20},"end":{"line":86,"column":21},"skip":true},"17":{"start":{"line":82,"column":24},"end":{"line":82,"column":43},"skip":true},"18":{"start":{"line":83,"column":24},"end":{"line":83,"column":30},"skip":true},"19":{"start":{"line":85,"column":24},"end":{"line":85,"column":49},"skip":true},"20":{"start":{"line":89,"column":12},"end":{"line":107,"column":13},"skip":true},"21":{"start":{"line":92,"column":16},"end":{"line":102,"column":17},"skip":true},"22":{"start":{"line":93,"column":20},"end":{"line":93,"column":86},"skip":true},"23":{"start":{"line":94,"column":20},"end":{"line":95,"column":45},"skip":true},"24":{"start":{"line":96,"column":20},"end":{"line":96,"column":42},"skip":true},"25":{"start":{"line":97,"column":20},"end":{"line":97,"column":48},"skip":true},"26":{"start":{"line":100,"column":20},"end":{"line":100,"column":85},"skip":true},"27":{"start":{"line":101,"column":20},"end":{"line":101,"column":96},"skip":true},"28":{"start":{"line":103,"column":16},"end":{"line":103,"column":22},"skip":true},"29":{"start":{"line":106,"column":16},"end":{"line":106,"column":22},"skip":true},"30":{"start":{"line":108,"column":12},"end":{"line":120,"column":13},"skip":true},"31":{"start":{"line":114,"column":16},"end":{"line":119,"column":17},"skip":true},"32":{"start":{"line":116,"column":20},"end":{"line":116,"column":78},"skip":true},"33":{"start":{"line":118,"column":20},"end":{"line":118,"column":47},"skip":true},"34":{"start":{"line":123,"column":8},"end":{"line":141,"column":11},"skip":true},"35":{"start":{"line":124,"column":12},"end":{"line":124,"column":54},"skip":true},"36":{"start":{"line":125,"column":12},"end":{"line":140,"column":14},"skip":true},"37":{"start":{"line":126,"column":16},"end":{"line":126,"column":28},"skip":true},"38":{"start":{"line":127,"column":16},"end":{"line":127,"column":69},"skip":true},"39":{"start":{"line":128,"column":16},"end":{"line":128,"column":75},"skip":true},"40":{"start":{"line":129,"column":16},"end":{"line":131,"column":17},"skip":true},"41":{"start":{"line":130,"column":20},"end":{"line":130,"column":27},"skip":true},"42":{"start":{"line":133,"column":16},"end":{"line":137,"column":36},"skip":true},"43":{"start":{"line":134,"column":20},"end":{"line":136,"column":55},"skip":true},"44":{"start":{"line":139,"column":16},"end":{"line":139,"column":57},"skip":true},"45":{"start":{"line":143,"column":8},"end":{"line":147,"column":11},"skip":true},"46":{"start":{"line":144,"column":12},"end":{"line":146,"column":15},"skip":true},"47":{"start":{"line":145,"column":16},"end":{"line":145,"column":70},"skip":true},"48":{"start":{"line":149,"column":8},"end":{"line":149,"column":31},"skip":true},"49":{"start":{"line":150,"column":8},"end":{"line":150,"column":14},"skip":true},"50":{"start":{"line":158,"column":8},"end":{"line":158,"column":31},"skip":true},"51":{"start":{"line":160,"column":8},"end":{"line":160,"column":33},"skip":true},"52":{"start":{"line":161,"column":8},"end":{"line":161,"column":37},"skip":true},"53":{"start":{"line":162,"column":8},"end":{"line":162,"column":35},"skip":true},"54":{"start":{"line":164,"column":8},"end":{"line":164,"column":50},"skip":true},"55":{"start":{"line":166,"column":8},"end":{"line":256,"column":2},"skip":true},"56":{"start":{"line":258,"column":8},"end":{"line":286,"column":9},"skip":true},"57":{"start":{"line":259,"column":12},"end":{"line":269,"column":14},"skip":true},"58":{"start":{"line":271,"column":12},"end":{"line":285,"column":19},"skip":true},"59":{"start":{"line":274,"column":20},"end":{"line":274,"column":35},"skip":true},"60":{"start":{"line":275,"column":20},"end":{"line":284,"column":21},"skip":true},"61":{"start":{"line":277,"column":24},"end":{"line":277,"column":64},"skip":true},"62":{"start":{"line":279,"column":24},"end":{"line":279,"column":40},"skip":true},"63":{"start":{"line":281,"column":24},"end":{"line":281,"column":40},"skip":true},"64":{"start":{"line":283,"column":24},"end":{"line":283,"column":39},"skip":true},"65":{"start":{"line":288,"column":8},"end":{"line":290,"column":9},"skip":true},"66":{"start":{"line":289,"column":12},"end":{"line":289,"column":18},"skip":true},"67":{"start":{"line":291,"column":8},"end":{"line":293,"column":54},"skip":true},"68":{"start":{"line":296,"column":8},"end":{"line":301,"column":37},"skip":true},"69":{"start":{"line":303,"column":8},"end":{"line":303,"column":82},"skip":true},"70":{"start":{"line":306,"column":8},"end":{"line":308,"column":9},"skip":true},"71":{"start":{"line":307,"column":12},"end":{"line":307,"column":82},"skip":true},"72":{"start":{"line":310,"column":8},"end":{"line":312,"column":9},"skip":true},"73":{"start":{"line":311,"column":12},"end":{"line":311,"column":18},"skip":true},"74":{"start":{"line":313,"column":8},"end":{"line":313,"column":54},"skip":true},"75":{"start":{"line":314,"column":8},"end":{"line":314,"column":69},"skip":true},"76":{"start":{"line":315,"column":8},"end":{"line":323,"column":36},"skip":true},"77":{"start":{"line":316,"column":12},"end":{"line":316,"column":61},"skip":true},"78":{"start":{"line":317,"column":12},"end":{"line":320,"column":13},"skip":true},"79":{"start":{"line":318,"column":16},"end":{"line":318,"column":75},"skip":true},"80":{"start":{"line":319,"column":16},"end":{"line":319,"column":23},"skip":true},"81":{"start":{"line":321,"column":12},"end":{"line":321,"column":38},"skip":true},"82":{"start":{"line":322,"column":12},"end":{"line":322,"column":27},"skip":true},"83":{"start":{"line":324,"column":8},"end":{"line":324,"column":14},"skip":true}},"branchMap":{"1":{"line":39,"type":"binary-expr","locations":[{"start":{"line":39,"column":23},"end":{"line":39,"column":62}},{"start":{"line":40,"column":20},"end":{"line":40,"column":70}},{"start":{"line":41,"column":20},"end":{"line":41,"column":71}},{"start":{"line":42,"column":20},"end":{"line":42,"column":29}}]},"2":{"line":44,"type":"binary-expr","locations":[{"start":{"line":44,"column":23},"end":{"line":44,"column":37}},{"start":{"line":45,"column":20},"end":{"line":45,"column":61}},{"start":{"line":46,"column":20},"end":{"line":46,"column":70}},{"start":{"line":47,"column":20},"end":{"line":47,"column":26}}]},"3":{"line":51,"type":"cond-expr","locations":[{"start":{"line":52,"column":14},"end":{"line":52,"column":20}},{"start":{"line":53,"column":14},"end":{"line":53,"column":20}}]},"4":{"line":55,"type":"binary-expr","locations":[{"start":{"line":55,"column":16},"end":{"line":55,"column":44}},{"start":{"line":55,"column":49},"end":{"line":57,"column":43}}]},"5":{"line":55,"type":"cond-expr","locations":[{"start":{"line":56,"column":14},"end":{"line":56,"column":51}},{"start":{"line":57,"column":14},"end":{"line":57,"column":43}}]},"6":{"line":61,"type":"switch","locations":[{"start":{"line":68,"column":4},"end":{"line":150,"column":14},"skip":true},{"start":{"line":156,"column":4},"end":{"line":324,"column":14},"skip":true}]},"7":{"line":70,"type":"if","locations":[{"start":{"line":70,"column":12},"end":{"line":70,"column":12},"skip":true},{"start":{"line":70,"column":12},"end":{"line":70,"column":12},"skip":true}]},"8":{"line":70,"type":"binary-expr","locations":[{"start":{"line":70,"column":16},"end":{"line":70,"column":22},"skip":true},{"start":{"line":70,"column":27},"end":{"line":70,"column":32},"skip":true},{"start":{"line":71,"column":20},"end":{"line":71,"column":39},"skip":true},{"start":{"line":72,"column":20},"end":{"line":72,"column":49},"skip":true},{"start":{"line":73,"column":20},"end":{"line":73,"column":58},"skip":true},{"start":{"line":74,"column":20},"end":{"line":74,"column":69},"skip":true}]},"9":{"line":79,"type":"switch","locations":[{"start":{"line":80,"column":20},"end":{"line":80,"column":33},"skip":true},{"start":{"line":81,"column":20},"end":{"line":83,"column":30},"skip":true},{"start":{"line":84,"column":20},"end":{"line":85,"column":49},"skip":true}]},"10":{"line":89,"type":"switch","locations":[{"start":{"line":90,"column":12},"end":{"line":103,"column":22},"skip":true},{"start":{"line":105,"column":12},"end":{"line":106,"column":22},"skip":true}]},"11":{"line":89,"type":"binary-expr","locations":[{"start":{"line":89,"column":20},"end":{"line":89,"column":25},"skip":true},{"start":{"line":89,"column":29},"end":{"line":89,"column":48},"skip":true},{"start":{"line":89,"column":52},"end":{"line":89,"column":74},"skip":true}]},"12":{"line":92,"type":"if","locations":[{"start":{"line":92,"column":16},"end":{"line":92,"column":16},"skip":true},{"start":{"line":92,"column":16},"end":{"line":92,"column":16},"skip":true}]},"13":{"line":108,"type":"if","locations":[{"start":{"line":108,"column":12},"end":{"line":108,"column":12},"skip":true},{"start":{"line":108,"column":12},"end":{"line":108,"column":12},"skip":true}]},"14":{"line":108,"type":"binary-expr","locations":[{"start":{"line":108,"column":16},"end":{"line":108,"column":61},"skip":true},{"start":{"line":108,"column":66},"end":{"line":108,"column":72},"skip":true},{"start":{"line":108,"column":77},"end":{"line":108,"column":82},"skip":true},{"start":{"line":109,"column":20},"end":{"line":109,"column":39},"skip":true},{"start":{"line":110,"column":20},"end":{"line":110,"column":49},"skip":true},{"start":{"line":111,"column":20},"end":{"line":111,"column":58},"skip":true},{"start":{"line":112,"column":20},"end":{"line":112,"column":68},"skip":true}]},"15":{"line":129,"type":"if","locations":[{"start":{"line":129,"column":16},"end":{"line":129,"column":16},"skip":true},{"start":{"line":129,"column":16},"end":{"line":129,"column":16},"skip":true}]},"16":{"line":134,"type":"cond-expr","locations":[{"start":{"line":135,"column":26},"end":{"line":135,"column":29},"skip":true},{"start":{"line":136,"column":26},"end":{"line":136,"column":54},"skip":true}]},"17":{"line":164,"type":"binary-expr","locations":[{"start":{"line":164,"column":27},"end":{"line":164,"column":43},"skip":true},{"start":{"line":164,"column":47},"end":{"line":164,"column":49},"skip":true}]},"18":{"line":258,"type":"if","locations":[{"start":{"line":258,"column":8},"end":{"line":258,"column":8},"skip":true},{"start":{"line":258,"column":8},"end":{"line":258,"column":8},"skip":true}]},"19":{"line":275,"type":"switch","locations":[{"start":{"line":276,"column":20},"end":{"line":277,"column":64},"skip":true},{"start":{"line":278,"column":20},"end":{"line":279,"column":40},"skip":true},{"start":{"line":280,"column":20},"end":{"line":281,"column":40},"skip":true},{"start":{"line":282,"column":20},"end":{"line":283,"column":39},"skip":true}]},"20":{"line":288,"type":"if","locations":[{"start":{"line":288,"column":8},"end":{"line":288,"column":8},"skip":true},{"start":{"line":288,"column":8},"end":{"line":288,"column":8},"skip":true}]},"21":{"line":288,"type":"binary-expr","locations":[{"start":{"line":288,"column":12},"end":{"line":288,"column":40},"skip":true},{"start":{"line":288,"column":44},"end":{"line":288,"column":67},"skip":true}]},"22":{"line":292,"type":"binary-expr","locations":[{"start":{"line":292,"column":12},"end":{"line":292,"column":50},"skip":true},{"start":{"line":293,"column":12},"end":{"line":293,"column":53},"skip":true}]},"23":{"line":297,"type":"binary-expr","locations":[{"start":{"line":297,"column":12},"end":{"line":297,"column":65},"skip":true},{"start":{"line":298,"column":12},"end":{"line":301,"column":36},"skip":true}]},"24":{"line":303,"type":"binary-expr","locations":[{"start":{"line":303,"column":43},"end":{"line":303,"column":75},"skip":true},{"start":{"line":303,"column":79},"end":{"line":303,"column":81},"skip":true}]},"25":{"line":306,"type":"if","locations":[{"start":{"line":306,"column":8},"end":{"line":306,"column":8},"skip":true},{"start":{"line":306,"column":8},"end":{"line":306,"column":8},"skip":true}]},"26":{"line":310,"type":"if","locations":[{"start":{"line":310,"column":8},"end":{"line":310,"column":8},"skip":true},{"start":{"line":310,"column":8},"end":{"line":310,"column":8},"skip":true}]},"27":{"line":313,"type":"binary-expr","locations":[{"start":{"line":313,"column":27},"end":{"line":313,"column":43},"skip":true},{"start":{"line":313,"column":47},"end":{"line":313,"column":53},"skip":true}]},"28":{"line":317,"type":"if","locations":[{"start":{"line":317,"column":12},"end":{"line":317,"column":12},"skip":true},{"start":{"line":317,"column":12},"end":{"line":317,"column":12},"skip":true}]}},"code":["/*","example.js","","quickstart example","","instruction","    1. save this script as example.js","    2. run the shell command:","        $ npm install npmtest-wait-on && PORT=8081 node example.js","    3. play with the browser-demo on http://127.0.0.1:8081","*/","","","","/* istanbul instrument in package npmtest_wait_on */","/*jslint","    bitwise: true,","    browser: true,","    maxerr: 8,","    maxlen: 96,","    node: true,","    nomen: true,","    regexp: true,","    stupid: true","*/","(function () {","    'use strict';","    var local;","","","","    // run shared js-env code - pre-init","    (function () {","        // init local","        local = {};","        // init modeJs","        local.modeJs = (function () {","            try {","                return typeof navigator.userAgent === 'string' &&","                    typeof document.querySelector('body') === 'object' &&","                    typeof XMLHttpRequest.prototype.open === 'function' &&","                    'browser';","            } catch (errorCaughtBrowser) {","                return module.exports &&","                    typeof process.versions.node === 'string' &&","                    typeof require('http').createServer === 'function' &&","                    'node';","            }","        }());","        // init global","        local.global = local.modeJs === 'browser'","            ? window","            : global;","        // init utility2_rollup","        local = local.global.utility2_rollup || (local.modeJs === 'browser'","            ? local.global.utility2_npmtest_wait_on","            : global.utility2_moduleExports);","        // export local","        local.global.local = local;","    }());","    switch (local.modeJs) {","","","","    // post-init","    // run browser js-env code - post-init","    /* istanbul ignore next */","    case 'browser':","        local.testRunBrowser = function (event) {","            if (!event || (event &&","                    event.currentTarget &&","                    event.currentTarget.className &&","                    event.currentTarget.className.includes &&","                    event.currentTarget.className.includes('onreset'))) {","                // reset output","                Array.from(","                    document.querySelectorAll('body > .resettable')","                ).forEach(function (element) {","                    switch (element.tagName) {","                    case 'INPUT':","                    case 'TEXTAREA':","                        element.value = '';","                        break;","                    default:","                        element.textContent = '';","                    }","                });","            }","            switch (event && event.currentTarget && event.currentTarget.id) {","            case 'testRunButton1':","                // show tests","                if (document.querySelector('#testReportDiv1').style.display === 'none') {","                    document.querySelector('#testReportDiv1').style.display = 'block';","                    document.querySelector('#testRunButton1').textContent =","                        'hide internal test';","                    local.modeTest = true;","                    local.testRunDefault(local);","                // hide tests","                } else {","                    document.querySelector('#testReportDiv1').style.display = 'none';","                    document.querySelector('#testRunButton1').textContent = 'run internal test';","                }","                break;","            // custom-case","            default:","                break;","            }","            if (document.querySelector('#inputTextareaEval1') && (!event || (event &&","                    event.currentTarget &&","                    event.currentTarget.className &&","                    event.currentTarget.className.includes &&","                    event.currentTarget.className.includes('oneval')))) {","                // try to eval input-code","                try {","                    /*jslint evil: true*/","                    eval(document.querySelector('#inputTextareaEval1').value);","                } catch (errorCaught) {","                    console.error(errorCaught);","                }","            }","        };","        // log stderr and stdout to #outputTextareaStdout1","        ['error', 'log'].forEach(function (key) {","            console[key + '_original'] = console[key];","            console[key] = function () {","                var element;","                console[key + '_original'].apply(console, arguments);","                element = document.querySelector('#outputTextareaStdout1');","                if (!element) {","                    return;","                }","                // append text to #outputTextareaStdout1","                element.value += Array.from(arguments).map(function (arg) {","                    return typeof arg === 'string'","                        ? arg","                        : JSON.stringify(arg, null, 4);","                }).join(' ') + '\\n';","                // scroll textarea to bottom","                element.scrollTop = element.scrollHeight;","            };","        });","        // init event-handling","        ['change', 'click', 'keyup'].forEach(function (event) {","            Array.from(document.querySelectorAll('.on' + event)).forEach(function (element) {","                element.addEventListener(event, local.testRunBrowser);","            });","        });","        // run tests","        local.testRunBrowser();","        break;","","","","    // run node js-env code - post-init","    /* istanbul ignore next */","    case 'node':","        // export local","        module.exports = local;","        // require modules","        local.fs = require('fs');","        local.http = require('http');","        local.url = require('url');","        // init assets","        local.assetsDict = local.assetsDict || {};","        /* jslint-ignore-begin */","        local.assetsDict['/assets.index.template.html'] = '\\","<!doctype html>\\n\\","<html lang=\"en\">\\n\\","<head>\\n\\","<meta charset=\"UTF-8\">\\n\\","<meta name=\"viewport\" content=\"width=device-width, initial-scale=1\">\\n\\","<title>{{env.npm_package_name}} (v{{env.npm_package_version}})</title>\\n\\","<style>\\n\\","/*csslint\\n\\","    box-sizing: false,\\n\\","    universal-selector: false\\n\\","*/\\n\\","* {\\n\\","    box-sizing: border-box;\\n\\","}\\n\\","body {\\n\\","    background: #dde;\\n\\","    font-family: Arial, Helvetica, sans-serif;\\n\\","    margin: 2rem;\\n\\","}\\n\\","body > * {\\n\\","    margin-bottom: 1rem;\\n\\","}\\n\\",".utility2FooterDiv {\\n\\","    margin-top: 20px;\\n\\","    text-align: center;\\n\\","}\\n\\","</style>\\n\\","<style>\\n\\","/*csslint\\n\\","*/\\n\\","textarea {\\n\\","    font-family: monospace;\\n\\","    height: 10rem;\\n\\","    width: 100%;\\n\\","}\\n\\","textarea[readonly] {\\n\\","    background: #ddd;\\n\\","}\\n\\","</style>\\n\\","</head>\\n\\","<body>\\n\\","<!-- utility2-comment\\n\\","<div id=\"ajaxProgressDiv1\" style=\"background: #d00; height: 2px; left: 0; margin: 0; padding: 0; position: fixed; top: 0; transition: background 0.5s, width 1.5s; width: 25%;\"></div>\\n\\","utility2-comment -->\\n\\","<h1>\\n\\","<!-- utility2-comment\\n\\","    <a\\n\\","        {{#if env.npm_package_homepage}}\\n\\","        href=\"{{env.npm_package_homepage}}\"\\n\\","        {{/if env.npm_package_homepage}}\\n\\","        target=\"_blank\"\\n\\","    >\\n\\","utility2-comment -->\\n\\","        {{env.npm_package_name}} (v{{env.npm_package_version}})\\n\\","<!-- utility2-comment\\n\\","    </a>\\n\\","utility2-comment -->\\n\\","</h1>\\n\\","<h3>{{env.npm_package_description}}</h3>\\n\\","<!-- utility2-comment\\n\\","<h4><a download href=\"assets.app.js\">download standalone app</a></h4>\\n\\","<button class=\"onclick onreset\" id=\"testRunButton1\">run internal test</button><br>\\n\\","<div id=\"testReportDiv1\" style=\"display: none;\"></div>\\n\\","utility2-comment -->\\n\\","\\n\\","\\n\\","\\n\\","<label>stderr and stdout</label>\\n\\","<textarea class=\"resettable\" id=\"outputTextareaStdout1\" readonly></textarea>\\n\\","<!-- utility2-comment\\n\\","{{#if isRollup}}\\n\\","<script src=\"assets.app.js\"></script>\\n\\","{{#unless isRollup}}\\n\\","utility2-comment -->\\n\\","<script src=\"assets.utility2.rollup.js\"></script>\\n\\","<script src=\"jsonp.utility2._stateInit?callback=window.utility2._stateInit\"></script>\\n\\","<script src=\"assets.npmtest_wait_on.rollup.js\"></script>\\n\\","<script src=\"assets.example.js\"></script>\\n\\","<script src=\"assets.test.js\"></script>\\n\\","<!-- utility2-comment\\n\\","{{/if isRollup}}\\n\\","utility2-comment -->\\n\\","<div class=\"utility2FooterDiv\">\\n\\","    [ this app was created with\\n\\","    <a href=\"https://github.com/kaizhu256/node-utility2\" target=\"_blank\">utility2</a>\\n\\","    ]\\n\\","</div>\\n\\","</body>\\n\\","</html>\\n\\","';","        /* jslint-ignore-end */","        if (local.templateRender) {","            local.assetsDict['/'] = local.templateRender(","                local.assetsDict['/assets.index.template.html'],","                {","                    env: local.objectSetDefault(local.env, {","                        npm_package_description: 'the greatest app in the world!',","                        npm_package_name: 'my-app',","                        npm_package_nameAlias: 'my_app',","                        npm_package_version: '0.0.1'","                    })","                }","            );","        } else {","            local.assetsDict['/'] = local.assetsDict['/assets.index.template.html']","                .replace((/\\{\\{env\\.(\\w+?)\\}\\}/g), function (match0, match1) {","                    // jslint-hack","                    String(match0);","                    switch (match1) {","                    case 'npm_package_description':","                        return 'the greatest app in the world!';","                    case 'npm_package_name':","                        return 'my-app';","                    case 'npm_package_nameAlias':","                        return 'my_app';","                    case 'npm_package_version':","                        return '0.0.1';","                    }","                });","        }","        // run the cli","        if (local.global.utility2_rollup || module !== require.main) {","            break;","        }","        local.assetsDict['/assets.example.js'] =","            local.assetsDict['/assets.example.js'] ||","            local.fs.readFileSync(__filename, 'utf8');","        // bug-workaround - long $npm_package_buildCustomOrg","        /* jslint-ignore-begin */","        local.assetsDict['/assets.npmtest_wait_on.rollup.js'] =","            local.assetsDict['/assets.npmtest_wait_on.rollup.js'] ||","            local.fs.readFileSync(","                local.npmtest_wait_on.__dirname + '/lib.npmtest_wait_on.js',","                'utf8'","            ).replace((/^#!/), '//');","        /* jslint-ignore-end */","        local.assetsDict['/favicon.ico'] = local.assetsDict['/favicon.ico'] || '';","        // if $npm_config_timeout_exit exists,","        // then exit this process after $npm_config_timeout_exit ms","        if (Number(process.env.npm_config_timeout_exit)) {","            setTimeout(process.exit, Number(process.env.npm_config_timeout_exit));","        }","        // start server","        if (local.global.utility2_serverHttp1) {","            break;","        }","        process.env.PORT = process.env.PORT || '8081';","        console.error('server starting on port ' + process.env.PORT);","        local.http.createServer(function (request, response) {","            request.urlParsed = local.url.parse(request.url);","            if (local.assetsDict[request.urlParsed.pathname] !== undefined) {","                response.end(local.assetsDict[request.urlParsed.pathname]);","                return;","            }","            response.statusCode = 404;","            response.end();","        }).listen(process.env.PORT);","        break;","    }","}());",""],"l":{"26":2,"28":2,"33":2,"35":2,"37":2,"38":2,"39":2,"44":1,"51":2,"55":2,"59":2,"61":2,"69":1,"70":2,"76":2,"79":2,"82":2,"83":2,"85":1,"89":2,"92":1,"93":1,"94":1,"96":1,"97":1,"100":1,"101":1,"103":1,"106":1,"108":2,"114":1,"116":1,"118":1,"123":1,"124":2,"125":2,"126":3,"127":3,"128":3,"129":3,"130":1,"133":3,"134":3,"139":3,"143":1,"144":3,"145":1,"149":1,"150":1,"158":1,"160":1,"161":1,"162":1,"164":1,"166":1,"258":1,"259":1,"271":1,"274":6,"275":6,"277":1,"279":2,"281":1,"283":2,"288":1,"289":1,"291":1,"296":1,"303":1,"306":1,"307":1,"310":1,"311":1,"313":1,"314":1,"315":1,"316":1,"317":1,"318":1,"319":1,"321":1,"322":1,"324":1}},"/home/travis/build/npmtest/node-npmtest-wait-on/node_modules/wait-on/lib/wait-on.js":{"path":"/home/travis/build/npmtest/node-npmtest-wait-on/node_modules/wait-on/lib/wait-on.js","s":{"1":1,"2":1,"3":1,"4":1,"5":1,"6":1,"7":1,"8":1,"9":1,"10":1,"11":1,"12":0,"13":0,"14":0,"15":0,"16":0,"17":0,"18":0,"19":0,"20":0,"21":0,"22":0,"23":0,"24":0,"25":0,"26":1,"27":0,"28":0,"29":0,"30":0,"31":0,"32":0,"33":0,"34":0,"35":0,"36":0,"37":0,"38":0,"39":0,"40":0,"41":0,"42":1,"43":0,"44":0,"45":0,"46":0,"47":0,"48":0,"49":0,"50":0,"51":0,"52":0,"53":0,"54":0,"55":0,"56":0,"57":0,"58":0,"59":0,"60":0,"61":0,"62":0,"63":0,"64":0,"65":0,"66":0,"67":0,"68":0,"69":0,"70":1,"71":0,"72":0,"73":0,"74":0,"75":0,"76":0,"77":0,"78":0,"79":1,"80":0,"81":0,"82":0,"83":0,"84":0,"85":0,"86":0,"87":0,"88":0,"89":0,"90":0,"91":0,"92":0,"93":0,"94":0,"95":1,"96":0,"97":0,"98":1,"99":0,"100":0,"101":0,"102":1,"103":0,"104":0,"105":0,"106":1,"107":0,"108":0,"109":0,"110":0,"111":0,"112":0,"113":0,"114":0,"115":0,"116":0,"117":1,"118":0,"119":0,"120":0,"121":0,"122":0,"123":0,"124":0,"125":1},"b":{"1":[0,0],"2":[0,0],"3":[0,0],"4":[0,0],"5":[0,0],"6":[0,0],"7":[0,0],"8":[0,0],"9":[0,0],"10":[0,0],"11":[0,0],"12":[0,0],"13":[0,0],"14":[0,0],"15":[0,0],"16":[0,0],"17":[0,0],"18":[0,0],"19":[0,0],"20":[0,0],"21":[0,0],"22":[0,0],"23":[0,0],"24":[0,0],"25":[0,0],"26":[0,0],"27":[0,0],"28":[0,0]},"f":{"1":0,"2":0,"3":0,"4":0,"5":0,"6":0,"7":0,"8":0,"9":0,"10":0,"11":0,"12":0,"13":0,"14":0,"15":0,"16":0,"17":0,"18":0,"19":0,"20":0,"21":0,"22":0,"23":0,"24":0,"25":0,"26":0,"27":0,"28":0,"29":0,"30":0,"31":0,"32":0,"33":0,"34":0,"35":0},"fnMap":{"1":{"name":"waitOn","line":68,"loc":{"start":{"line":68,"column":0},"end":{"line":68,"column":26}}},"2":{"name":"(anonymous_2)","line":79,"loc":{"start":{"line":79,"column":6},"end":{"line":79,"column":18}}},"3":{"name":"(anonymous_3)","line":83,"loc":{"start":{"line":83,"column":6},"end":{"line":83,"column":18}}},"4":{"name":"(anonymous_4)","line":89,"loc":{"start":{"line":89,"column":30},"end":{"line":89,"column":42}}},"5":{"name":"cleanup","line":95,"loc":{"start":{"line":95,"column":2},"end":{"line":95,"column":24}}},"6":{"name":"(anonymous_6)","line":115,"loc":{"start":{"line":115,"column":8},"end":{"line":115,"column":27}}},"7":{"name":"(anonymous_7)","line":118,"loc":{"start":{"line":118,"column":14},"end":{"line":118,"column":37}}},"8":{"name":"(anonymous_8)","line":121,"loc":{"start":{"line":121,"column":14},"end":{"line":121,"column":39}}},"9":{"name":"(anonymous_9)","line":124,"loc":{"start":{"line":124,"column":21},"end":{"line":124,"column":39}}},"10":{"name":"(anonymous_10)","line":130,"loc":{"start":{"line":130,"column":11},"end":{"line":130,"column":29}}},"11":{"name":"lastValuesAllAvailable","line":137,"loc":{"start":{"line":137,"column":2},"end":{"line":137,"column":36}}},"12":{"name":"(anonymous_12)","line":140,"loc":{"start":{"line":140,"column":16},"end":{"line":140,"column":29}}},"13":{"name":"(anonymous_13)","line":157,"loc":{"start":{"line":157,"column":4},"end":{"line":157,"column":21}}},"14":{"name":"(anonymous_14)","line":159,"loc":{"start":{"line":159,"column":8},"end":{"line":159,"column":21}}},"15":{"name":"(anonymous_15)","line":169,"loc":{"start":{"line":169,"column":8},"end":{"line":169,"column":23}}},"16":{"name":"(anonymous_16)","line":172,"loc":{"start":{"line":172,"column":8},"end":{"line":172,"column":20}}},"17":{"name":"(anonymous_17)","line":177,"loc":{"start":{"line":177,"column":4},"end":{"line":177,"column":19}}},"18":{"name":"(anonymous_18)","line":182,"loc":{"start":{"line":182,"column":4},"end":{"line":182,"column":16}}},"19":{"name":"parseHttpOptions","line":190,"loc":{"start":{"line":190,"column":0},"end":{"line":190,"column":35}}},"20":{"name":"(anonymous_20)","line":200,"loc":{"start":{"line":200,"column":16},"end":{"line":200,"column":36}}},"21":{"name":"create$","line":209,"loc":{"start":{"line":209,"column":0},"end":{"line":209,"column":36}}},"22":{"name":"createFile$","line":229,"loc":{"start":{"line":229,"column":0},"end":{"line":229,"column":27}}},"23":{"name":"(anonymous_23)","line":234,"loc":{"start":{"line":234,"column":7},"end":{"line":234,"column":23}}},"24":{"name":"createHttp$","line":242,"loc":{"start":{"line":242,"column":0},"end":{"line":242,"column":35}}},"25":{"name":"(anonymous_25)","line":247,"loc":{"start":{"line":247,"column":7},"end":{"line":247,"column":27}}},"26":{"name":"createHttpGet$","line":261,"loc":{"start":{"line":261,"column":0},"end":{"line":261,"column":38}}},"27":{"name":"(anonymous_27)","line":266,"loc":{"start":{"line":266,"column":7},"end":{"line":266,"column":27}}},"28":{"name":"createTcp$","line":280,"loc":{"start":{"line":280,"column":0},"end":{"line":280,"column":33}}},"29":{"name":"(anonymous_29)","line":284,"loc":{"start":{"line":284,"column":30},"end":{"line":284,"column":50}}},"30":{"name":"(anonymous_30)","line":286,"loc":{"start":{"line":286,"column":21},"end":{"line":286,"column":36}}},"31":{"name":"(anonymous_31)","line":290,"loc":{"start":{"line":290,"column":23},"end":{"line":290,"column":35}}},"32":{"name":"createSocket$","line":298,"loc":{"start":{"line":298,"column":0},"end":{"line":298,"column":35}}},"33":{"name":"(anonymous_33)","line":299,"loc":{"start":{"line":299,"column":30},"end":{"line":299,"column":50}}},"34":{"name":"(anonymous_34)","line":301,"loc":{"start":{"line":301,"column":21},"end":{"line":301,"column":36}}},"35":{"name":"(anonymous_35)","line":305,"loc":{"start":{"line":305,"column":23},"end":{"line":305,"column":35}}}},"statementMap":{"1":{"start":{"line":3,"column":0},"end":{"line":3,"column":23}},"2":{"start":{"line":4,"column":0},"end":{"line":4,"column":25}},"3":{"start":{"line":5,"column":0},"end":{"line":5,"column":25}},"4":{"start":{"line":6,"column":0},"end":{"line":6,"column":33}},"5":{"start":{"line":7,"column":0},"end":{"line":7,"column":23}},"6":{"start":{"line":8,"column":0},"end":{"line":8,"column":50}},"7":{"start":{"line":10,"column":0},"end":{"line":10,"column":52}},"8":{"start":{"line":11,"column":0},"end":{"line":11,"column":56}},"9":{"start":{"line":12,"column":0},"end":{"line":12,"column":54}},"10":{"start":{"line":14,"column":0},"end":{"line":42,"column":3}},"11":{"start":{"line":68,"column":0},"end":{"line":188,"column":1}},"12":{"start":{"line":69,"column":2},"end":{"line":69,"column":55}},"13":{"start":{"line":70,"column":2},"end":{"line":70,"column":58}},"14":{"start":{"line":70,"column":27},"end":{"line":70,"column":56}},"15":{"start":{"line":71,"column":2},"end":{"line":71,"column":27}},"16":{"start":{"line":73,"column":2},"end":{"line":75,"column":3}},"17":{"start":{"line":74,"column":4},"end":{"line":74,"column":32}},"18":{"start":{"line":77,"column":2},"end":{"line":79,"column":22}},"19":{"start":{"line":81,"column":2},"end":{"line":83,"column":22}},"20":{"start":{"line":85,"column":2},"end":{"line":85,"column":24}},"21":{"start":{"line":87,"column":2},"end":{"line":87,"column":26}},"22":{"start":{"line":88,"column":2},"end":{"line":93,"column":3}},"23":{"start":{"line":89,"column":4},"end":{"line":92,"column":21}},"24":{"start":{"line":90,"column":6},"end":{"line":90,"column":103}},"25":{"start":{"line":91,"column":6},"end":{"line":91,"column":30}},"26":{"start":{"line":95,"column":2},"end":{"line":104,"column":3}},"27":{"start":{"line":96,"column":4},"end":{"line":99,"column":5}},"28":{"start":{"line":97,"column":6},"end":{"line":97,"column":33}},"29":{"start":{"line":98,"column":6},"end":{"line":98,"column":26}},"30":{"start":{"line":100,"column":4},"end":{"line":103,"column":5}},"31":{"start":{"line":101,"column":6},"end":{"line":101,"column":14}},"32":{"start":{"line":102,"column":6},"end":{"line":102,"column":16}},"33":{"start":{"line":112,"column":2},"end":{"line":112,"column":24}},"34":{"start":{"line":113,"column":2},"end":{"line":135,"column":35}},"35":{"start":{"line":116,"column":10},"end":{"line":127,"column":19}},"36":{"start":{"line":119,"column":16},"end":{"line":119,"column":47}},"37":{"start":{"line":122,"column":16},"end":{"line":122,"column":76}},"38":{"start":{"line":125,"column":14},"end":{"line":125,"column":38}},"39":{"start":{"line":126,"column":14},"end":{"line":126,"column":25}},"40":{"start":{"line":131,"column":8},"end":{"line":131,"column":28}},"41":{"start":{"line":132,"column":8},"end":{"line":132,"column":22}},"42":{"start":{"line":137,"column":2},"end":{"line":154,"column":3}},"43":{"start":{"line":138,"column":4},"end":{"line":138,"column":38}},"44":{"start":{"line":138,"column":23},"end":{"line":138,"column":36}},"45":{"start":{"line":139,"column":4},"end":{"line":144,"column":11}},"46":{"start":{"line":141,"column":10},"end":{"line":141,"column":40}},"47":{"start":{"line":142,"column":10},"end":{"line":142,"column":72}},"48":{"start":{"line":143,"column":10},"end":{"line":143,"column":49}},"49":{"start":{"line":147,"column":4},"end":{"line":147,"column":45}},"50":{"start":{"line":148,"column":4},"end":{"line":151,"column":5}},"51":{"start":{"line":149,"column":6},"end":{"line":149,"column":70}},"52":{"start":{"line":150,"column":6},"end":{"line":150,"column":41}},"53":{"start":{"line":153,"column":4},"end":{"line":153,"column":30}},"54":{"start":{"line":156,"column":2},"end":{"line":186,"column":4}},"55":{"start":{"line":158,"column":6},"end":{"line":175,"column":8}},"56":{"start":{"line":160,"column":10},"end":{"line":160,"column":34}},"57":{"start":{"line":161,"column":10},"end":{"line":167,"column":11}},"58":{"start":{"line":162,"column":12},"end":{"line":162,"column":33}},"59":{"start":{"line":163,"column":12},"end":{"line":163,"column":106}},"60":{"start":{"line":164,"column":12},"end":{"line":164,"column":31}},"61":{"start":{"line":165,"column":12},"end":{"line":165,"column":28}},"62":{"start":{"line":166,"column":12},"end":{"line":166,"column":22}},"63":{"start":{"line":170,"column":10},"end":{"line":170,"column":35}},"64":{"start":{"line":173,"column":10},"end":{"line":173,"column":35}},"65":{"start":{"line":178,"column":6},"end":{"line":178,"column":27}},"66":{"start":{"line":179,"column":6},"end":{"line":179,"column":62}},"67":{"start":{"line":180,"column":6},"end":{"line":180,"column":19}},"68":{"start":{"line":183,"column":6},"end":{"line":183,"column":25}},"69":{"start":{"line":184,"column":6},"end":{"line":184,"column":16}},"70":{"start":{"line":190,"column":0},"end":{"line":206,"column":1}},"71":{"start":{"line":191,"column":2},"end":{"line":191,"column":38}},"72":{"start":{"line":191,"column":29},"end":{"line":191,"column":38}},"73":{"start":{"line":192,"column":2},"end":{"line":197,"column":4}},"74":{"start":{"line":199,"column":2},"end":{"line":199,"column":18}},"75":{"start":{"line":200,"column":2},"end":{"line":204,"column":5}},"76":{"start":{"line":201,"column":4},"end":{"line":203,"column":5}},"77":{"start":{"line":202,"column":6},"end":{"line":202,"column":43}},"78":{"start":{"line":205,"column":2},"end":{"line":205,"column":16}},"79":{"start":{"line":209,"column":0},"end":{"line":227,"column":1}},"80":{"start":{"line":210,"column":2},"end":{"line":226,"column":3}},"81":{"start":{"line":211,"column":4},"end":{"line":211,"column":42}},"82":{"start":{"line":212,"column":9},"end":{"line":226,"column":3}},"83":{"start":{"line":213,"column":4},"end":{"line":213,"column":81}},"84":{"start":{"line":214,"column":9},"end":{"line":226,"column":3}},"85":{"start":{"line":215,"column":4},"end":{"line":215,"column":42}},"86":{"start":{"line":216,"column":9},"end":{"line":226,"column":3}},"87":{"start":{"line":217,"column":4},"end":{"line":217,"column":83}},"88":{"start":{"line":218,"column":9},"end":{"line":226,"column":3}},"89":{"start":{"line":219,"column":4},"end":{"line":219,"column":53}},"90":{"start":{"line":220,"column":9},"end":{"line":226,"column":3}},"91":{"start":{"line":221,"column":4},"end":{"line":221,"column":59}},"92":{"start":{"line":222,"column":9},"end":{"line":226,"column":3}},"93":{"start":{"line":223,"column":4},"end":{"line":223,"column":55}},"94":{"start":{"line":225,"column":4},"end":{"line":225,"column":33}},"95":{"start":{"line":229,"column":0},"end":{"line":240,"column":1}},"96":{"start":{"line":230,"column":2},"end":{"line":239,"column":5}},"97":{"start":{"line":235,"column":4},"end":{"line":238,"column":6}},"98":{"start":{"line":242,"column":0},"end":{"line":259,"column":1}},"99":{"start":{"line":243,"column":2},"end":{"line":258,"column":5}},"100":{"start":{"line":249,"column":4},"end":{"line":249,"column":44}},"101":{"start":{"line":250,"column":4},"end":{"line":257,"column":6}},"102":{"start":{"line":261,"column":0},"end":{"line":278,"column":1}},"103":{"start":{"line":262,"column":2},"end":{"line":277,"column":5}},"104":{"start":{"line":268,"column":4},"end":{"line":268,"column":44}},"105":{"start":{"line":269,"column":4},"end":{"line":276,"column":6}},"106":{"start":{"line":280,"column":0},"end":{"line":296,"column":1}},"107":{"start":{"line":281,"column":2},"end":{"line":281,"column":40}},"108":{"start":{"line":282,"column":2},"end":{"line":282,"column":43}},"109":{"start":{"line":283,"column":2},"end":{"line":283,"column":58}},"110":{"start":{"line":284,"column":2},"end":{"line":295,"column":5}},"111":{"start":{"line":285,"column":4},"end":{"line":294,"column":11}},"112":{"start":{"line":287,"column":10},"end":{"line":287,"column":49}},"113":{"start":{"line":288,"column":10},"end":{"line":288,"column":33}},"114":{"start":{"line":291,"column":10},"end":{"line":291,"column":38}},"115":{"start":{"line":292,"column":10},"end":{"line":292,"column":33}},"116":{"start":{"line":293,"column":10},"end":{"line":293,"column":21}},"117":{"start":{"line":298,"column":0},"end":{"line":311,"column":1}},"118":{"start":{"line":299,"column":2},"end":{"line":310,"column":5}},"119":{"start":{"line":300,"column":4},"end":{"line":309,"column":11}},"120":{"start":{"line":302,"column":10},"end":{"line":302,"column":49}},"121":{"start":{"line":303,"column":10},"end":{"line":303,"column":33}},"122":{"start":{"line":306,"column":10},"end":{"line":306,"column":38}},"123":{"start":{"line":307,"column":10},"end":{"line":307,"column":33}},"124":{"start":{"line":308,"column":10},"end":{"line":308,"column":21}},"125":{"start":{"line":315,"column":0},"end":{"line":315,"column":24}}},"branchMap":{"1":{"line":70,"type":"if","locations":[{"start":{"line":70,"column":2},"end":{"line":70,"column":2}},{"start":{"line":70,"column":2},"end":{"line":70,"column":2}}]},"2":{"line":73,"type":"if","locations":[{"start":{"line":73,"column":2},"end":{"line":73,"column":2}},{"start":{"line":73,"column":2},"end":{"line":73,"column":2}}]},"3":{"line":77,"type":"cond-expr","locations":[{"start":{"line":78,"column":6},"end":{"line":78,"column":24}},{"start":{"line":79,"column":6},"end":{"line":79,"column":21}}]},"4":{"line":81,"type":"cond-expr","locations":[{"start":{"line":82,"column":6},"end":{"line":82,"column":24}},{"start":{"line":83,"column":6},"end":{"line":83,"column":21}}]},"5":{"line":88,"type":"if","locations":[{"start":{"line":88,"column":2},"end":{"line":88,"column":2}},{"start":{"line":88,"column":2},"end":{"line":88,"column":2}}]},"6":{"line":96,"type":"if","locations":[{"start":{"line":96,"column":4},"end":{"line":96,"column":4}},{"start":{"line":96,"column":4},"end":{"line":96,"column":4}}]},"7":{"line":100,"type":"if","locations":[{"start":{"line":100,"column":4},"end":{"line":100,"column":4}},{"start":{"line":100,"column":4},"end":{"line":100,"column":4}}]},"8":{"line":138,"type":"if","locations":[{"start":{"line":138,"column":4},"end":{"line":138,"column":4}},{"start":{"line":138,"column":4},"end":{"line":138,"column":4}}]},"9":{"line":142,"type":"binary-expr","locations":[{"start":{"line":142,"column":24},"end":{"line":142,"column":53}},{"start":{"line":142,"column":57},"end":{"line":142,"column":70}}]},"10":{"line":143,"type":"cond-expr","locations":[{"start":{"line":143,"column":32},"end":{"line":143,"column":39}},{"start":{"line":143,"column":42},"end":{"line":143,"column":48}}]},"11":{"line":148,"type":"if","locations":[{"start":{"line":148,"column":4},"end":{"line":148,"column":4}},{"start":{"line":148,"column":4},"end":{"line":148,"column":4}}]},"12":{"line":148,"type":"binary-expr","locations":[{"start":{"line":148,"column":8},"end":{"line":148,"column":22}},{"start":{"line":148,"column":26},"end":{"line":148,"column":62}}]},"13":{"line":161,"type":"if","locations":[{"start":{"line":161,"column":10},"end":{"line":161,"column":10}},{"start":{"line":161,"column":10},"end":{"line":161,"column":10}}]},"14":{"line":161,"type":"binary-expr","locations":[{"start":{"line":161,"column":14},"end":{"line":161,"column":38}},{"start":{"line":161,"column":42},"end":{"line":161,"column":51}}]},"15":{"line":191,"type":"if","locations":[{"start":{"line":191,"column":2},"end":{"line":191,"column":2}},{"start":{"line":191,"column":2},"end":{"line":191,"column":2}}]},"16":{"line":201,"type":"if","locations":[{"start":{"line":201,"column":4},"end":{"line":201,"column":4}},{"start":{"line":201,"column":4},"end":{"line":201,"column":4}}]},"17":{"line":210,"type":"if","locations":[{"start":{"line":210,"column":2},"end":{"line":210,"column":2}},{"start":{"line":210,"column":2},"end":{"line":210,"column":2}}]},"18":{"line":212,"type":"if","locations":[{"start":{"line":212,"column":9},"end":{"line":212,"column":9}},{"start":{"line":212,"column":9},"end":{"line":212,"column":9}}]},"19":{"line":214,"type":"if","locations":[{"start":{"line":214,"column":9},"end":{"line":214,"column":9}},{"start":{"line":214,"column":9},"end":{"line":214,"column":9}}]},"20":{"line":216,"type":"if","locations":[{"start":{"line":216,"column":9},"end":{"line":216,"column":9}},{"start":{"line":216,"column":9},"end":{"line":216,"column":9}}]},"21":{"line":218,"type":"if","locations":[{"start":{"line":218,"column":9},"end":{"line":218,"column":9}},{"start":{"line":218,"column":9},"end":{"line":218,"column":9}}]},"22":{"line":220,"type":"if","locations":[{"start":{"line":220,"column":9},"end":{"line":220,"column":9}},{"start":{"line":220,"column":9},"end":{"line":220,"column":9}}]},"23":{"line":222,"type":"if","locations":[{"start":{"line":222,"column":9},"end":{"line":222,"column":9}},{"start":{"line":222,"column":9},"end":{"line":222,"column":9}}]},"24":{"line":253,"type":"cond-expr","locations":[{"start":{"line":254,"column":8},"end":{"line":254,"column":18}},{"start":{"line":255,"column":8},"end":{"line":255,"column":23}}]},"25":{"line":253,"type":"binary-expr","locations":[{"start":{"line":253,"column":12},"end":{"line":253,"column":29}},{"start":{"line":253,"column":33},"end":{"line":253,"column":50}}]},"26":{"line":272,"type":"cond-expr","locations":[{"start":{"line":273,"column":8},"end":{"line":273,"column":18}},{"start":{"line":274,"column":8},"end":{"line":274,"column":23}}]},"27":{"line":272,"type":"binary-expr","locations":[{"start":{"line":272,"column":12},"end":{"line":272,"column":29}},{"start":{"line":272,"column":33},"end":{"line":272,"column":50}}]},"28":{"line":283,"type":"binary-expr","locations":[{"start":{"line":283,"column":13},"end":{"line":283,"column":42}},{"start":{"line":283,"column":46},"end":{"line":283,"column":57}}]}},"code":["'use strict';","","var fs = require('fs');","var Joi = require('joi');","var net = require('net');","var Request = require('request');","var Rx = require('rx');","require('core-js/modules/es6.string.starts-with');","","var fstat = Rx.Observable.fromNodeCallback(fs.stat);","var head = Rx.Observable.fromNodeCallback(Request.head);","var get = Rx.Observable.fromNodeCallback(Request.get);","","var WAIT_ON_SCHEMA = Joi.object().keys({","  resources: Joi.array().items(Joi.string().required()),","  delay: Joi.number().integer().min(0).default(0),","  interval: Joi.number().integer().min(0).default(250),","  log: Joi.boolean().default(false),","  reverse: Joi.boolean().default(false),","  timeout: Joi.number().integer().min(0).default(Infinity),","  verbose: Joi.boolean().default(false),","  window: Joi.number().integer().min(0).default(750),","","  // http options","  ca: [Joi.string(), Joi.binary()],","  cert: [Joi.string(), Joi.binary()],","  key: [Joi.string(), Joi.binary()],","  passphrase: Joi.string(),","  auth: Joi.object().keys({","    user: Joi.string(),","    username: Joi.string(),","    password: Joi.string(),","    pass: Joi.string()","  }),","  httpSignature: Joi.object().keys({","    keyId: Joi.string().required(),","    key: Joi.string().required()","  }),","  strictSSL: Joi.boolean(),","  followAllRedirects: Joi.boolean(),","  followRedirect: Joi.boolean()","});","","/**","   Waits for resources to become available before calling callback","","   Polls file, http(s), tcp ports, sockets for availability.","","   Resource types are distinquished by their prefix with default being `file:`","     - file:/path/to/file - waits for file to be available and size to stabilize","     - http://foo.com:8000/bar verifies HTTP HEAD request returns 2XX","     - https://my.bar.com/cat verifies HTTPS HEAD request returns 2XX","     - http-get:  - HTTP GET returns 2XX response. ex: http://m.com:90/foo","     - https-get: - HTTPS GET returns 2XX response. ex: https://my/bar","     - tcp:my.server.com:3000 verifies a service is listening on port","     - socket:/path/sock verifies a service is listening on (UDS) socket","","   @param opts object configuring waitOn","   @param opts.resources array of string resources to wait for. prefix determines the type of resource with the default type of `file:`","   @param opts.delay integer - optional initial delay in ms, default 0","   @param opts.interval integer - optional poll resource interval in ms, default 250ms","   @param opts.log boolean - optional flag to turn on logging to stdout","   @param opts.timeout integer - optional timeout in ms, default Infinity. Aborts with error.","   @param opts.verbose boolean - optional flag to turn on debug output","   @param opts.window integer - optional stabilization time in ms, default 750ms. Waits this amount of time for file sizes to stabilize or other resource availability to remain unchanged. If less than interval then will be reset to interval","   @param cb callback function with signature cb(err) - if err is provided then, resource checks did not succeed"," */","function waitOn(opts, cb) {","  var validResult = Joi.validate(opts, WAIT_ON_SCHEMA);","  if (validResult.error) { return cb(validResult.error); }","  opts = validResult.value; // use defaults","","  if (opts.window < opts.interval) {","    opts.window = opts.interval; // it needs to be at least interval","  }","","  var output = (opts.verbose) ?","      console.log.bind() :","      function () { };","","  var log = (opts.log) ?","      console.log.bind() :","      function () { };","","  var lastWaitForOutput; // the resources last known to be waiting for","","  var timeoutTimer = null;","  if (opts.timeout !== Infinity) {","    timeoutTimer = setTimeout(function () {","      log('wait-on(%s) timed out waiting for: %s; exiting with error', process.pid, lastWaitForOutput);","      cb(new Error('Timeout'))","    }, opts.timeout);","  }","","  function cleanup(err) {","    if (timeoutTimer) {","      clearTimeout(timeoutTimer);","      timeoutTimer = null;","    }","    if (cb) {","      cb(err);","      cb = null; // only call once","    }","  }","","  /* Stability checking occurs by using an Rx window,","     It waits until all of the vals from the resources are >=0,","     then it waits for a window which has no changes","     (duplicate outputs are filtered by distinctUntilChanged)","  */","","  var lastValues = null;","  var src = Rx.Observable.timer(opts.delay, opts.interval)","      .concatMap(","        function (counter) {","          return Rx.Observable.from(opts.resources)","            .concatMap(","              function (resource, i) {","                return create$(resource, opts);","              },","              function (resource, obj) {","                return { resource: resource, val: obj.val, data: obj.data };","              }","            ).reduce(function (acc, x) {","              acc[x.resource] = x.val;","              return acc;","            }, {});","        }","      )","      .map(function (values) {","        lastValues = values; // save lastValues for later ref","        return values;","      })","      .distinctUntilChanged()","      .windowWithTime(opts.window);","","  function lastValuesAllAvailable() {","    if (!lastValues) { return false; }","    var notReady = opts.resources","        .filter(function (k) {","          var lastValue = lastValues[k];","          var result = (typeof lastValue !== 'number' || lastValue < 0);","          return opts.reverse ? !result : result;","        });","","    // only output when changes","    var notReadyString = notReady.join(', ');","    if (notReadyString && notReadyString !== lastWaitForOutput) {","      log('wait-on(%s) waiting for: %s', process.pid, notReadyString);","      lastWaitForOutput = notReadyString;","    }","","    return !(notReady.length);","  }","","  var subsc = src.subscribe(","    function (child) {","      var childSub = child.toArray().subscribe(","        function (x) {","          output('child next', x);","          if (lastValuesAllAvailable() && !x.length) {","            output('stabilized');","            log('wait-on(%s) exiting successfully found all: %s', process.pid, opts.resources.join(', '));","            childSub.dispose();","            subsc.dispose();","            cleanup();","          }","        },","        function (err) {","          output('child err', err);","        },","        function () {","          output('child complete');","        }","      );","    },","    function (err) {","      output('err: ', err);","      log('wait-on(%s) exiting with error', process.pid, err);","      cleanup(err);","    },","    function () {","      output('complete');","      cleanup();","    }","  );","","}","","function parseHttpOptions(options) {","  if (options === undefined) return {}","  var valid = [","    // https://github.com/request/request/tree/c289759d10ebd76ff4138e81b39c81badde6e274#requestoptions-callback","    'auth', 'httpSignature', 'followRedirect', 'followAllRedirects', 'strictSSL',","    // https://github.com/request/request/tree/c289759d10ebd76ff4138e81b39c81badde6e274#tlsssl-protocol","    'cert', 'key', 'passphrase', 'ca'","  ];","","  var parsed = {};","  valid.forEach(function (validOpt) {","    if (options[validOpt] !== undefined) {","      parsed[validOpt] = options[validOpt];","    }","  });","  return parsed;","}","","","function create$(resource, options) {","  if (resource.startsWith('http:')) {","    return createHttp$(resource, options);","  } else if (resource.startsWith('http-get:')) {","    return createHttpGet$('http:' + resource.slice('http-get:'.length), options);","  } else if (resource.startsWith('https:')) {","    return createHttp$(resource, options);","  } else if (resource.startsWith('https-get:')) {","    return createHttpGet$('https:' + resource.slice('https-get:'.length), options);","  } else if (resource.startsWith('tcp:')) {","    return createTcp$(resource.slice('tcp:'.length));","  } else if (resource.startsWith('socket:')) {","    return createSocket$(resource.slice('socket:'.length));","  } else if (resource.startsWith('file:')) {","    return createFile$(resource.slice('file:'.length));","  } else { // default to file","    return createFile$(resource);","  }","}","","function createFile$(file) {","  return Rx.Observable.catch(","    fstat(file),","    Rx.Observable.just({ size: -1 }) // fake stat when doesn't exist","  )","  .map(function (stat) {","    return {","      val: stat.size, // key comparator used","      data: stat // additional data for debugging","    };","  });","}","","function createHttp$(url, options) {","  return Rx.Observable.catch(","    head(url, parseHttpOptions(options)),","    Rx.Observable.just([{statusCode: 999}])","  )","  .map(function (response) {","    // Why is response in array here?","    var statusCode = response[0].statusCode;","    return {","      // request will handle redirects before returning","      // anything but 2XX is a failure","      val: (statusCode >= 200 && statusCode <= 299) ?","        statusCode :","        -1 * statusCode,","      data: response[0]","    };","  });","}","","function createHttpGet$(url, options) {","  return Rx.Observable.catch(","    get(url, parseHttpOptions(options)),","    Rx.Observable.just([{statusCode: 999}])","  )","  .map(function (response) {","    // Why is response in array here?","    var statusCode = response[0].statusCode;","    return {","      // request will handle redirects before returning","      // anything but 2XX is a failure","      val: (statusCode >= 200 && statusCode <= 299) ?","        statusCode :","        -1 * statusCode,","      data: response[0]","    };","  });","}","","function createTcp$(hostAndPort) {","  var arrParts = hostAndPort.split(':');","  var port = arrParts[arrParts.length - 1];","  var host = arrParts[arrParts.length - 2] || 'localhost';","  return Rx.Observable.create(function (observer) {","    var conn = net.connect(port, host)","        .on('error', function (err) {","          observer.onNext({ val: -1, err: err });","          observer.onCompleted();","        })","        .on('connect', function () {","          observer.onNext({ val: 1 });","          observer.onCompleted();","          conn.end();","        });","  });","}","","function createSocket$(socketPath) {","  return Rx.Observable.create(function (observer) {","    var conn = net.connect(socketPath)","        .on('error', function (err) {","          observer.onNext({ val: -1, err: err });","          observer.onCompleted();","        })","        .on('connect', function () {","          observer.onNext({ val: 1 });","          observer.onCompleted();","          conn.end();","        });","  });","}","","// TODO create other observables like file, return val int >= 0 for available and data for debugging","","module.exports = waitOn;",""],"l":{"3":1,"4":1,"5":1,"6":1,"7":1,"8":1,"10":1,"11":1,"12":1,"14":1,"68":1,"69":0,"70":0,"71":0,"73":0,"74":0,"77":0,"81":0,"85":0,"87":0,"88":0,"89":0,"90":0,"91":0,"95":1,"96":0,"97":0,"98":0,"100":0,"101":0,"102":0,"112":0,"113":0,"116":0,"119":0,"122":0,"125":0,"126":0,"131":0,"132":0,"137":1,"138":0,"139":0,"141":0,"142":0,"143":0,"147":0,"148":0,"149":0,"150":0,"153":0,"156":0,"158":0,"160":0,"161":0,"162":0,"163":0,"164":0,"165":0,"166":0,"170":0,"173":0,"178":0,"179":0,"180":0,"183":0,"184":0,"190":1,"191":0,"192":0,"199":0,"200":0,"201":0,"202":0,"205":0,"209":1,"210":0,"211":0,"212":0,"213":0,"214":0,"215":0,"216":0,"217":0,"218":0,"219":0,"220":0,"221":0,"222":0,"223":0,"225":0,"229":1,"230":0,"235":0,"242":1,"243":0,"249":0,"250":0,"261":1,"262":0,"268":0,"269":0,"280":1,"281":0,"282":0,"283":0,"284":0,"285":0,"287":0,"288":0,"291":0,"292":0,"293":0,"298":1,"299":0,"300":0,"302":0,"303":0,"306":0,"307":0,"308":0,"315":1}},"/home/travis/build/npmtest/node-npmtest-wait-on/node_modules/wait-on/exampleConfig.js":{"path":"/home/travis/build/npmtest/node-npmtest-wait-on/node_modules/wait-on/exampleConfig.js","s":{"1":1},"b":{},"f":{},"fnMap":{},"statementMap":{"1":{"start":{"line":1,"column":0},"end":{"line":19,"column":2}}},"branchMap":{},"code":["module.exports = {","  // specify additional options here, especially http(s)","  // see https://github.com/request/request#readme for specifics","  ca: [ /* strings or binaries */],","  cert: [ /* strings or binaries */],","  key: [ /* strings or binaries */],","  passphrase: 'yourpassphrase',","  auth: {","    user: 'yourusername',","    pass: 'yourpassword'","  },","  httpSignature: {","    keyId: 'keyId',","    key: 'yourkey'","  },","  strictSSL: false,","  followAllRedirects: false,","  followRedirect: false","};",""],"l":{"1":1}}}